<?xml version="1.0" encoding="UTF-8"?>
<!-- Generated by org.testng.reporters.JUnitXMLReporter -->
<testsuite ignored="0" hostname="TALEUN-PC-0922" failures="1" tests="10" name="Add an Item" time="42.027" errors="0" timestamp="2025-12-05T13:55:01 MEZ">
  <testcase classname="simplyTest.autoprojekt.AddItemTest" name="addAnItem" time="2.248">
    <failure type="java.lang.AssertionError" message="The displayed quantity ordered does not match the expected. expected [2] but found [1]">
      <![CDATA[java.lang.AssertionError: The displayed quantity ordered does not match the expected. expected [2] but found [1]
at simplyTest.autoprojekt.AddItemTest.addAnItem(AddItemTest.java:33)
at java.base/java.util.ArrayList.forEach(ArrayList.java:1511)
... Removed 32 stack frames]]>
    </failure>
  </testcase> <!-- addAnItem -->
  <testcase classname="simplyTest.autoprojekt.AddItemTest" name="addAnItem" time="2.198"/>
  <testcase classname="simplyTest.autoprojekt.AddItemTest" name="addAnItem" time="2.164"/>
  <testcase classname="simplyTest.autoprojekt.AddItemTest" name="addAnItem" time="2.199"/>
  <testcase classname="simplyTest.autoprojekt.AddItemTest" name="addAnItem" time="2.189"/>
  <testcase classname="simplyTest.autoprojekt.AddItemTest" name="addAnItem" time="1.689"/>
  <testcase classname="simplyTest.autoprojekt.AddItemTest" name="addAnItem" time="2.239"/>
  <testcase classname="simplyTest.autoprojekt.AddItemTest" name="addAnItem" time="3.017"/>
  <testcase classname="simplyTest.autoprojekt.AddItemTest" name="addAnItem" time="3.424"/>
  <testcase classname="simplyTest.autoprojekt.AddItemTest" name="addAnItem" time="2.548"/>
</testsuite> <!-- Add an Item -->
