<?xml version="1.0" encoding="UTF-8"?>
<!-- Generated by org.testng.reporters.JUnitXMLReporter -->
<testsuite ignored="2" hostname="TALEUN-PC-0922" failures="11" tests="14" name="All functional Tests" time="35.932" errors="0" timestamp="2025-12-05T14:06:15 MEZ">
  <testcase classname="simplyTest.autoprojekt.MessageValidationTest" name="cartEmptyTest" time="0.977"/>
  <testcase classname="simplyTest.autoprojekt.MessageValidationTest" name="removeItemFromCartTest" time="4.579"/>
  <testcase classname="simplyTest.autoprojekt.MessageValidationTest" name="updateCartMsgTest" time="2.512"/>
  <testcase classname="simplyTest.autoprojekt.E2ETest" name="orderMultipleItemsTest" time="0.002">
    <failure type="java.lang.NullPointerException" message="Cannot invoke &amp;quot;com.aventstack.extentreports.ExtentReports.createTest(String)&amp;quot; because &amp;quot;this.extent&amp;quot; is null">
      <![CDATA[java.lang.NullPointerException: Cannot invoke "com.aventstack.extentreports.ExtentReports.createTest(String)" because "this.extent" is null
at simplyTest.autoprojekt.E2ETest.orderMultipleItemsTest(E2ETest.java:23)
at java.base/java.util.ArrayList.forEach(ArrayList.java:1511)
... Removed 27 stack frames]]>
    </failure>
  </testcase> <!-- orderMultipleItemsTest -->
  <testcase classname="simplyTest.autoprojekt.AddItemTest" name="addAnItem" time="0.002">
    <failure type="java.lang.NullPointerException" message="Cannot invoke &amp;quot;com.aventstack.extentreports.ExtentReports.createTest(String)&amp;quot; because &amp;quot;this.extent&amp;quot; is null">
      <![CDATA[java.lang.NullPointerException: Cannot invoke "com.aventstack.extentreports.ExtentReports.createTest(String)" because "this.extent" is null
at simplyTest.autoprojekt.AddItemTest.addAnItem(AddItemTest.java:21)
at java.base/java.util.ArrayList.forEach(ArrayList.java:1511)
... Removed 27 stack frames]]>
    </failure>
  </testcase> <!-- addAnItem -->
  <testcase classname="simplyTest.autoprojekt.AddItemTest" name="addAnItem" time="0.001">
    <failure type="java.lang.NullPointerException" message="Cannot invoke &amp;quot;com.aventstack.extentreports.ExtentReports.createTest(String)&amp;quot; because &amp;quot;this.extent&amp;quot; is null">
      <![CDATA[java.lang.NullPointerException: Cannot invoke "com.aventstack.extentreports.ExtentReports.createTest(String)" because "this.extent" is null
at simplyTest.autoprojekt.AddItemTest.addAnItem(AddItemTest.java:21)
at java.base/java.util.ArrayList.forEach(ArrayList.java:1511)
... Removed 27 stack frames]]>
    </failure>
  </testcase> <!-- addAnItem -->
  <testcase classname="simplyTest.autoprojekt.AddItemTest" name="addAnItem" time="0.003">
    <failure type="java.lang.NullPointerException" message="Cannot invoke &amp;quot;com.aventstack.extentreports.ExtentReports.createTest(String)&amp;quot; because &amp;quot;this.extent&amp;quot; is null">
      <![CDATA[java.lang.NullPointerException: Cannot invoke "com.aventstack.extentreports.ExtentReports.createTest(String)" because "this.extent" is null
at simplyTest.autoprojekt.AddItemTest.addAnItem(AddItemTest.java:21)
at java.base/java.util.ArrayList.forEach(ArrayList.java:1511)
... Removed 27 stack frames]]>
    </failure>
  </testcase> <!-- addAnItem -->
  <testcase classname="simplyTest.autoprojekt.AddItemTest" name="addAnItem" time="0.002">
    <failure type="java.lang.NullPointerException" message="Cannot invoke &amp;quot;com.aventstack.extentreports.ExtentReports.createTest(String)&amp;quot; because &amp;quot;this.extent&amp;quot; is null">
      <![CDATA[java.lang.NullPointerException: Cannot invoke "com.aventstack.extentreports.ExtentReports.createTest(String)" because "this.extent" is null
at simplyTest.autoprojekt.AddItemTest.addAnItem(AddItemTest.java:21)
at java.base/java.util.ArrayList.forEach(ArrayList.java:1511)
... Removed 27 stack frames]]>
    </failure>
  </testcase> <!-- addAnItem -->
  <testcase classname="simplyTest.autoprojekt.AddItemTest" name="addAnItem" time="0.001">
    <failure type="java.lang.NullPointerException" message="Cannot invoke &amp;quot;com.aventstack.extentreports.ExtentReports.createTest(String)&amp;quot; because &amp;quot;this.extent&amp;quot; is null">
      <![CDATA[java.lang.NullPointerException: Cannot invoke "com.aventstack.extentreports.ExtentReports.createTest(String)" because "this.extent" is null
at simplyTest.autoprojekt.AddItemTest.addAnItem(AddItemTest.java:21)
at java.base/java.util.ArrayList.forEach(ArrayList.java:1511)
... Removed 27 stack frames]]>
    </failure>
  </testcase> <!-- addAnItem -->
  <testcase classname="simplyTest.autoprojekt.AddItemTest" name="addAnItem" time="0.001">
    <failure type="java.lang.NullPointerException" message="Cannot invoke &amp;quot;com.aventstack.extentreports.ExtentReports.createTest(String)&amp;quot; because &amp;quot;this.extent&amp;quot; is null">
      <![CDATA[java.lang.NullPointerException: Cannot invoke "com.aventstack.extentreports.ExtentReports.createTest(String)" because "this.extent" is null
at simplyTest.autoprojekt.AddItemTest.addAnItem(AddItemTest.java:21)
at java.base/java.util.ArrayList.forEach(ArrayList.java:1511)
... Removed 27 stack frames]]>
    </failure>
  </testcase> <!-- addAnItem -->
  <testcase classname="simplyTest.autoprojekt.AddItemTest" name="addAnItem" time="0.0">
    <failure type="java.lang.NullPointerException" message="Cannot invoke &amp;quot;com.aventstack.extentreports.ExtentReports.createTest(String)&amp;quot; because &amp;quot;this.extent&amp;quot; is null">
      <![CDATA[java.lang.NullPointerException: Cannot invoke "com.aventstack.extentreports.ExtentReports.createTest(String)" because "this.extent" is null
at simplyTest.autoprojekt.AddItemTest.addAnItem(AddItemTest.java:21)
at java.base/java.util.ArrayList.forEach(ArrayList.java:1511)
... Removed 27 stack frames]]>
    </failure>
  </testcase> <!-- addAnItem -->
  <testcase classname="simplyTest.autoprojekt.AddItemTest" name="addAnItem" time="0.001">
    <failure type="java.lang.NullPointerException" message="Cannot invoke &amp;quot;com.aventstack.extentreports.ExtentReports.createTest(String)&amp;quot; because &amp;quot;this.extent&amp;quot; is null">
      <![CDATA[java.lang.NullPointerException: Cannot invoke "com.aventstack.extentreports.ExtentReports.createTest(String)" because "this.extent" is null
at simplyTest.autoprojekt.AddItemTest.addAnItem(AddItemTest.java:21)
at java.base/java.util.ArrayList.forEach(ArrayList.java:1511)
... Removed 27 stack frames]]>
    </failure>
  </testcase> <!-- addAnItem -->
  <testcase classname="simplyTest.autoprojekt.AddItemTest" name="addAnItem" time="0.001">
    <failure type="java.lang.NullPointerException" message="Cannot invoke &amp;quot;com.aventstack.extentreports.ExtentReports.createTest(String)&amp;quot; because &amp;quot;this.extent&amp;quot; is null">
      <![CDATA[java.lang.NullPointerException: Cannot invoke "com.aventstack.extentreports.ExtentReports.createTest(String)" because "this.extent" is null
at simplyTest.autoprojekt.AddItemTest.addAnItem(AddItemTest.java:21)
at java.base/java.util.ArrayList.forEach(ArrayList.java:1511)
... Removed 27 stack frames]]>
    </failure>
  </testcase> <!-- addAnItem -->
  <testcase classname="simplyTest.autoprojekt.AddItemTest" name="addAnItem" time="0.001">
    <failure type="java.lang.NullPointerException" message="Cannot invoke &amp;quot;com.aventstack.extentreports.ExtentReports.createTest(String)&amp;quot; because &amp;quot;this.extent&amp;quot; is null">
      <![CDATA[java.lang.NullPointerException: Cannot invoke "com.aventstack.extentreports.ExtentReports.createTest(String)" because "this.extent" is null
at simplyTest.autoprojekt.AddItemTest.addAnItem(AddItemTest.java:21)
at java.base/java.util.ArrayList.forEach(ArrayList.java:1511)
... Removed 27 stack frames]]>
    </failure>
  </testcase> <!-- addAnItem -->
  <testcase classname="simplyTest.autoprojekt.BaseForTests" name="@BeforeTest config" time="0.0">
    <ignored/>
  </testcase> <!-- @BeforeTest config -->
  <testcase classname="simplyTest.autoprojekt.BaseForTests" name="@BeforeTest config" time="0.0">
    <ignored/>
  </testcase> <!-- @BeforeTest config -->
</testsuite> <!-- All functional Tests -->
