<?xml version="1.0" encoding="UTF-8"?>
<!-- Generated by org.testng.reporters.JUnitXMLReporter -->
<testsuite ignored="0" hostname="TALEUN-PC-0922" failures="0" tests="5" name="Regression Tests" time="52.46" errors="0" timestamp="2025-11-29T10:41:39 MEZ">
  <testcase classname="simplyTest.autoprojekt.AddItemTest" name="addAnItem" time="2.045"/>
  <testcase classname="simplyTest.autoprojekt.MessageValidationTest" name="cartEmptyTest" time="0.947"/>
  <testcase classname="simplyTest.autoprojekt.MessageValidationTest" name="removeItemFromCartTest" time="4.911"/>
  <testcase classname="simplyTest.autoprojekt.MessageValidationTest" name="updateCartMsgTest" time="3.323"/>
  <testcase classname="simplyTest.autoprojekt.E2ETest" name="orderMultipleItemsTest" time="10.233"/>
</testsuite> <!-- Regression Tests -->
