<?xml version="1.0" encoding="UTF-8"?>
<!-- Generated by org.testng.reporters.JUnitXMLReporter -->
<testsuite ignored="0" hostname="TALEUN-PC-0922" failures="0" tests="3" name="Tests validating application Messages" time="15.066" errors="0" timestamp="2025-12-05T13:54:04 MEZ">
  <testcase classname="simplyTest.autoprojekt.MessageValidationTest" name="cartEmptyTest" time="1.148"/>
  <testcase classname="simplyTest.autoprojekt.MessageValidationTest" name="removeItemFromCartTest" time="4.14"/>
  <testcase classname="simplyTest.autoprojekt.MessageValidationTest" name="updateCartMsgTest" time="3.276"/>
</testsuite> <!-- Tests validating application Messages -->
