<?xml version="1.0" encoding="UTF-8"?>
<!-- Generated by org.testng.reporters.JUnitXMLReporter -->
<testsuite ignored="0" hostname="TALEUN-PC-0922" failures="0" tests="3" name="Default test" time="29.099" errors="0" timestamp="2025-12-03T14:28:54 MEZ">
  <testcase classname="simplyTest.autoprojekt.MessageValidationTest" name="cartEmptyTest" time="1.459"/>
  <testcase classname="simplyTest.autoprojekt.MessageValidationTest" name="removeItemFromCartTest" time="5.068"/>
  <testcase classname="simplyTest.autoprojekt.MessageValidationTest" name="updateCartMsgTest" time="3.287"/>
</testsuite> <!-- Default test -->
