<?xml version="1.0" encoding="UTF-8"?>
<!-- Generated by org.testng.reporters.JUnitReportReporter -->
<testsuite hostname="TALEUN-PC-0922" failures="0" tests="3" name="simplyTest.autoprojekt.MessageValidationTest" time="14.888" errors="0" timestamp="2025-12-05T14:06:15 MEZ" skipped="0">
  <testcase classname="simplyTest.autoprojekt.MessageValidationTest" name="updateCartMsgTest" time="5.474"/>
  <testcase classname="simplyTest.autoprojekt.MessageValidationTest" name="removeItemFromCartTest" time="6.400"/>
  <testcase classname="simplyTest.autoprojekt.MessageValidationTest" name="cartEmptyTest" time="3.014"/>
</testsuite> <!-- simplyTest.autoprojekt.MessageValidationTest -->
